A    model-transposons/maps
A    model-transposons/viewer
A    model-transposons/README
A    model-transposons/params-table.py
A    model-transposons/listeners.py
A    model-transposons/maps/crater_one.svg
A    model-transposons/maps/snail.png.info.tmp
A    model-transposons/phenotype.py
A    model-transposons/generate_html.py
A    model-transposons/maps/valley.svg
A    model-transposons/maps/crater.png.info.tmp
A    model-transposons/maps/valley_one1.png
A    model-transposons/viewer/bin
A    model-transposons/viewer/bin/Debug
A    model-transposons/heatmap.py
A    model-transposons/merge_files.py
A    model-transposons/model_init.py
A    model-transposons/viewer/Main.cs
A    model-transposons/viewer/viewer2.sln
A    model-transposons/viewer/viewer2.pidb
A    model-transposons/viewer/viewer2.userprefs
A    model-transposons/test.py
A    model-transposons/maps/crater_one.png.tmp
A    model-transposons/maps/snail.svg
A    model-transposons/maps/gradient.png.info.tmp
A    model-transposons/plant.py
A    model-transposons/debug.py
A    model-transposons/viewer.exe
A    model-transposons/run-all.sh
A    model-transposons/dist.cpp
A    model-transposons/history.py
A    model-transposons/plots.py
A    model-transposons/gamete.py
A    model-transposons/viewer.sh
A    model-transposons/cp.sh
A    model-transposons/count_params.py
A    model-transposons/fill_missing_plots.py
A    model-transposons/init2_parameters.py
A    model-transposons/maps/valley.png.tmp
A    model-transposons/maps/valley.png
A    model-transposons/maps/gradient.png
A    model-transposons/maps/snail.png
A    model-transposons/maps/gradient.svg
A    model-transposons/R
A    model-transposons/profile-master.py
A    model-transposons/allelic_phenotype.py
A    model-transposons/preparam.py
A    model-transposons/fill-all-missing-plots.py
A    model-transposons/distributions.py
A    model-transposons/R/pngplot2.R
A    model-transposons/runmono.sh
A    model-transposons/R/plot.R
A    model-transposons/make-heatmap.R
A    model-transposons/prepare-for-viewer.sh
A    model-transposons/timed-run.py
A    model-transposons/generate_main_html.py
A    model-transposons/saveableparams.py
A    model-transposons/makeplot.R
A    model-transposons/estimate-runtime.py
A    model-transposons/batchrun-profile.py
A    model-transposons/extract-params.py
A    model-transposons/lib.py
A    model-transposons/pu.sh
A    model-transposons/parameters-3d.py
A    model-transposons/cleanup.sh
A    model-transposons/maps/crater.png
A    model-transposons/maps/crater_one.png
A    model-transposons/count_done_insts.py
A    model-transposons/preprocess_map.py
A    model-transposons/environment.py
A    model-transposons/sge-master.py
A    model-transposons/disp.sh
A    model-transposons/master.py
A    model-transposons/maps/valley_one1.png.tmp
A    model-transposons/viewer/viewer2.csproj
A    model-transposons/viewer/MainWindow.cs
A    model-transposons/makeplots-sge.py
A    model-transposons/preparepack.sh
A    model-transposons/myviewer.sh
A    model-transposons/process_results.py
A    model-transposons/postparam.py
A    model-transposons/R/pngplot.R
A    model-transposons/sge-rerun-all.py
A    model-transposons/restore.py
A    model-transposons/parameters-initial.py
A    model-transposons/distselect.py
A    model-transposons/batchrun.py
A    model-transposons/get_important_params.py
A    model-transposons/RUN.sh
A    model-transposons/misc.py
A    model-transposons/maps/valley.png.info.tmp
A    model-transposons/maps/valley_one1.svg
A    model-transposons/maps/crater.svg
A    model-transposons/maps/gradient.png.tmp
A    model-transposons/maps/snail.png.tmp
A    model-transposons/maps/valley_one1.png.info.tmp
A    model-transposons/maps/crater_one.png.info.tmp
A    model-transposons/maps/crater.png.tmp
A    model-transposons/viewer/AssemblyInfo.cs
A    model-transposons/make-plot.sh
A    model-transposons/merge_files-square.py
A    model-transposons/sim.py
A    model-transposons/makeplot.sh
A    model-transposons/selectors.py
A    model-transposons/prepare-for-copying.sh
A    model-transposons/transposone.py
A    model-transposons/makeplot-square.R
A    model-transposons/preprocess_maps.sh
A    model-transposons/signals.py
A    model-transposons/3dplot.py
A    model-transposons/gather_results.sh
A    model-transposons/table_util.py
A    model-transposons/viewer.exe.mdb
Pobrano wersję 73.
/home/transp/simulations/webservice
